<?xml version="1.0" encoding="UTF-8"?>
<testng-results skipped="0" failed="0" total="1" passed="1">
  <reporter-output>
  </reporter-output>
  <suite name="Default suite" duration-ms="18185" started-at="2016-06-23T18:53:30Z" finished-at="2016-06-23T18:53:48Z">
    <groups>
    </groups>
    <test name="Default test" duration-ms="18185" started-at="2016-06-23T18:53:30Z" finished-at="2016-06-23T18:53:48Z">
      <class name="com.testcases.LoginTestCase">
        <test-method status="PASS" signature="setUp()[pri:0, instance:com.testcases.LoginTestCase@26be92ad]" name="setUp" is-config="true" duration-ms="9062" started-at="2016-06-24T00:23:30Z" finished-at="2016-06-24T00:23:39Z">
          <reporter-output>
          </reporter-output>
        </test-method> <!-- setUp -->
        <test-method status="PASS" signature="loginTestCases()[pri:0, instance:com.testcases.LoginTestCase@26be92ad]" name="loginTestCases" duration-ms="9102" started-at="2016-06-24T00:23:39Z" finished-at="2016-06-24T00:23:48Z">
          <reporter-output>
          </reporter-output>
        </test-method> <!-- loginTestCases -->
      </class> <!-- com.testcases.LoginTestCase -->
    </test> <!-- Default test -->
  </suite> <!-- Default suite -->
</testng-results>
