<?xml version="1.0" encoding="UTF-8"?>
<testng-results skipped="0" failed="0" total="1" passed="1">
  <reporter-output>
  </reporter-output>
  <suite name="Zalando Tests" duration-ms="22639" started-at="2016-06-23T18:56:17Z" finished-at="2016-06-23T18:56:40Z">
    <groups>
    </groups>
    <test name="FirefoxTests" duration-ms="22639" started-at="2016-06-23T18:56:17Z" finished-at="2016-06-23T18:56:40Z">
      <class name="com.testcases.LoginTestCase">
        <test-method status="PASS" signature="setUp()[pri:0, instance:com.testcases.LoginTestCase@7a79be86]" name="setUp" is-config="true" duration-ms="13359" started-at="2016-06-24T00:26:17Z" finished-at="2016-06-24T00:26:30Z">
          <reporter-output>
          </reporter-output>
        </test-method> <!-- setUp -->
        <test-method status="PASS" signature="loginTestCases()[pri:0, instance:com.testcases.LoginTestCase@7a79be86]" name="loginTestCases" duration-ms="9244" started-at="2016-06-24T00:26:30Z" finished-at="2016-06-24T00:26:40Z">
          <reporter-output>
          </reporter-output>
        </test-method> <!-- loginTestCases -->
      </class> <!-- com.testcases.LoginTestCase -->
    </test> <!-- FirefoxTests -->
  </suite> <!-- Zalando Tests -->
</testng-results>
